2015/07/14 22:27:01 [error] [exception.CDbException] could not find driver
2015/07/14 22:27:01 [error] [exception.CDbException] exception 'CDbException' with message 'CDbConnection failed to open the DB connection.' in /home/juan/github/yii-social/framework/db/CDbConnection.php:405
Stack trace:
#0 /home/juan/github/yii-social/framework/db/CDbConnection.php(347): CDbConnection->open()
#1 /home/juan/github/yii-social/framework/db/CDbConnection.php(325): CDbConnection->setActive(true)
#2 /home/juan/github/yii-social/framework/base/CModule.php(394): CDbConnection->init()
#3 /home/juan/github/yii-social/framework/base/CApplication.php(458): CModule->getComponent('db')
#4 /home/juan/github/yii-social/framework/db/ar/CActiveRecord.php(637): CApplication->getDb()
#5 /home/juan/github/yii-social/framework/db/ar/CActiveRecord.php(670): CActiveRecord->getDbConnection()
#6 /home/juan/github/yii-social/framework/db/ar/CActiveRecord.php(1601): CActiveRecord->getCommandBuilder()
#7 /home/juan/github/yii-social/framework/web/CActiveDataProvider.php(228): CActiveRecord->count(Object(CDbCriteria))
#8 /home/juan/github/yii-social/framework/web/CDataProvider.php(224): CActiveDataProvider->calculateTotalItemCount()
#9 /home/juan/github/yii-social/framework/web/CActiveDataProvider.php(178): CDataProvider->getTotalItemCount()
#10 /home/juan/github/yii-social/framework/web/CDataProvider.php(168): CActiveDataProvider->fetchData()
#11 /home/juan/github/yii-social/framework/zii/widgets/CBaseListView.php(125): CDataProvider->getData()
#12 /home/juan/github/yii-social/framework/zii/widgets/CListView.php(211): CBaseListView->init()
#13 /home/juan/github/yii-social/framework/web/CBaseController.php(147): CListView->init()
#14 /home/juan/github/yii-social/framework/web/CBaseController.php(180): CBaseController->createWidget('zii.widgets.CLi...', Array)
#15 /home/juan/github/yii-social/demos/blog/protected/views/post/index.php(9): CBaseController->widget('zii.widgets.CLi...', Array)
#16 /home/juan/github/yii-social/framework/web/CBaseController.php(126): require('/home/juan/gith...')
#17 /home/juan/github/yii-social/framework/web/CBaseController.php(95): CBaseController->renderInternal('/home/juan/gith...', Array, true)
#18 /home/juan/github/yii-social/framework/web/CController.php(869): CBaseController->renderFile('/home/juan/gith...', Array, true)
#19 /home/juan/github/yii-social/framework/web/CController.php(782): CController->renderPartial('index', Array, true)
#20 /home/juan/github/yii-social/demos/blog/protected/controllers/PostController.php(136): CController->render('index', Array)
#21 /home/juan/github/yii-social/framework/web/actions/CInlineAction.php(49): PostController->actionIndex()
#22 /home/juan/github/yii-social/framework/web/CController.php(308): CInlineAction->runWithParams(Array)
#23 /home/juan/github/yii-social/framework/web/filters/CFilterChain.php(133): CController->runAction(Object(CInlineAction))
#24 /home/juan/github/yii-social/framework/web/filters/CFilter.php(40): CFilterChain->run()
#25 /home/juan/github/yii-social/framework/web/CController.php(1145): CFilter->filter(Object(CFilterChain))
#26 /home/juan/github/yii-social/framework/web/filters/CInlineFilter.php(58): CController->filterAccessControl(Object(CFilterChain))
#27 /home/juan/github/yii-social/framework/web/filters/CFilterChain.php(130): CInlineFilter->filter(Object(CFilterChain))
#28 /home/juan/github/yii-social/framework/web/CController.php(291): CFilterChain->run()
#29 /home/juan/github/yii-social/framework/web/CController.php(265): CController->runActionWithFilters(Object(CInlineAction), Array)
#30 /home/juan/github/yii-social/framework/web/CWebApplication.php(282): CController->run('')
#31 /home/juan/github/yii-social/framework/web/CWebApplication.php(141): CWebApplication->runController('')
#32 /home/juan/github/yii-social/framework/base/CApplication.php(184): CWebApplication->processRequest()
#33 /home/juan/github/yii-social/demos/blog/index.php(11): CApplication->run()
#34 {main}
REQUEST_URI=/demos/blog/
HTTP_REFERER=http://yii-social.com/demos/
---
2015/07/14 22:27:07 [error] [exception.CDbException] could not find driver
2015/07/14 22:27:07 [error] [exception.CDbException] exception 'CDbException' with message 'CDbConnection failed to open the DB connection.' in /home/juan/github/yii-social/framework/db/CDbConnection.php:405
Stack trace:
#0 /home/juan/github/yii-social/framework/db/CDbConnection.php(347): CDbConnection->open()
#1 /home/juan/github/yii-social/framework/db/CDbConnection.php(325): CDbConnection->setActive(true)
#2 /home/juan/github/yii-social/framework/base/CModule.php(394): CDbConnection->init()
#3 /home/juan/github/yii-social/framework/base/CApplication.php(458): CModule->getComponent('db')
#4 /home/juan/github/yii-social/framework/db/ar/CActiveRecord.php(637): CApplication->getDb()
#5 /home/juan/github/yii-social/framework/db/ar/CActiveRecord.php(670): CActiveRecord->getDbConnection()
#6 /home/juan/github/yii-social/framework/db/ar/CActiveRecord.php(1601): CActiveRecord->getCommandBuilder()
#7 /home/juan/github/yii-social/framework/web/CActiveDataProvider.php(228): CActiveRecord->count(Object(CDbCriteria))
#8 /home/juan/github/yii-social/framework/web/CDataProvider.php(224): CActiveDataProvider->calculateTotalItemCount()
#9 /home/juan/github/yii-social/framework/web/CActiveDataProvider.php(178): CDataProvider->getTotalItemCount()
#10 /home/juan/github/yii-social/framework/web/CDataProvider.php(168): CActiveDataProvider->fetchData()
#11 /home/juan/github/yii-social/framework/zii/widgets/CBaseListView.php(125): CDataProvider->getData()
#12 /home/juan/github/yii-social/framework/zii/widgets/CListView.php(211): CBaseListView->init()
#13 /home/juan/github/yii-social/framework/web/CBaseController.php(147): CListView->init()
#14 /home/juan/github/yii-social/framework/web/CBaseController.php(180): CBaseController->createWidget('zii.widgets.CLi...', Array)
#15 /home/juan/github/yii-social/demos/blog/protected/views/post/index.php(9): CBaseController->widget('zii.widgets.CLi...', Array)
#16 /home/juan/github/yii-social/framework/web/CBaseController.php(126): require('/home/juan/gith...')
#17 /home/juan/github/yii-social/framework/web/CBaseController.php(95): CBaseController->renderInternal('/home/juan/gith...', Array, true)
#18 /home/juan/github/yii-social/framework/web/CController.php(869): CBaseController->renderFile('/home/juan/gith...', Array, true)
#19 /home/juan/github/yii-social/framework/web/CController.php(782): CController->renderPartial('index', Array, true)
#20 /home/juan/github/yii-social/demos/blog/protected/controllers/PostController.php(136): CController->render('index', Array)
#21 /home/juan/github/yii-social/framework/web/actions/CInlineAction.php(49): PostController->actionIndex()
#22 /home/juan/github/yii-social/framework/web/CController.php(308): CInlineAction->runWithParams(Array)
#23 /home/juan/github/yii-social/framework/web/filters/CFilterChain.php(133): CController->runAction(Object(CInlineAction))
#24 /home/juan/github/yii-social/framework/web/filters/CFilter.php(40): CFilterChain->run()
#25 /home/juan/github/yii-social/framework/web/CController.php(1145): CFilter->filter(Object(CFilterChain))
#26 /home/juan/github/yii-social/framework/web/filters/CInlineFilter.php(58): CController->filterAccessControl(Object(CFilterChain))
#27 /home/juan/github/yii-social/framework/web/filters/CFilterChain.php(130): CInlineFilter->filter(Object(CFilterChain))
#28 /home/juan/github/yii-social/framework/web/CController.php(291): CFilterChain->run()
#29 /home/juan/github/yii-social/framework/web/CController.php(265): CController->runActionWithFilters(Object(CInlineAction), Array)
#30 /home/juan/github/yii-social/framework/web/CWebApplication.php(282): CController->run('index')
#31 /home/juan/github/yii-social/framework/web/CWebApplication.php(141): CWebApplication->runController('post/index')
#32 /home/juan/github/yii-social/framework/base/CApplication.php(184): CWebApplication->processRequest()
#33 /home/juan/github/yii-social/demos/blog/index.php(11): CApplication->run()
#34 {main}
REQUEST_URI=/demos/blog/index.php/post/index
HTTP_REFERER=http://yii-social.com/demos/blog/index.php/site/login
---
2015/07/14 22:27:11 [error] [exception.CDbException] could not find driver
2015/07/14 22:27:11 [error] [exception.CDbException] exception 'CDbException' with message 'CDbConnection failed to open the DB connection.' in /home/juan/github/yii-social/framework/db/CDbConnection.php:405
Stack trace:
#0 /home/juan/github/yii-social/framework/db/CDbConnection.php(347): CDbConnection->open()
#1 /home/juan/github/yii-social/framework/db/CDbConnection.php(325): CDbConnection->setActive(true)
#2 /home/juan/github/yii-social/framework/base/CModule.php(394): CDbConnection->init()
#3 /home/juan/github/yii-social/framework/base/CApplication.php(458): CModule->getComponent('db')
#4 /home/juan/github/yii-social/framework/db/ar/CActiveRecord.php(637): CApplication->getDb()
#5 /home/juan/github/yii-social/framework/db/ar/CActiveRecord.php(670): CActiveRecord->getDbConnection()
#6 /home/juan/github/yii-social/framework/db/ar/CActiveRecord.php(1601): CActiveRecord->getCommandBuilder()
#7 /home/juan/github/yii-social/framework/web/CActiveDataProvider.php(228): CActiveRecord->count(Object(CDbCriteria))
#8 /home/juan/github/yii-social/framework/web/CDataProvider.php(224): CActiveDataProvider->calculateTotalItemCount()
#9 /home/juan/github/yii-social/framework/web/CActiveDataProvider.php(178): CDataProvider->getTotalItemCount()
#10 /home/juan/github/yii-social/framework/web/CDataProvider.php(168): CActiveDataProvider->fetchData()
#11 /home/juan/github/yii-social/framework/zii/widgets/CBaseListView.php(125): CDataProvider->getData()
#12 /home/juan/github/yii-social/framework/zii/widgets/CListView.php(211): CBaseListView->init()
#13 /home/juan/github/yii-social/framework/web/CBaseController.php(147): CListView->init()
#14 /home/juan/github/yii-social/framework/web/CBaseController.php(180): CBaseController->createWidget('zii.widgets.CLi...', Array)
#15 /home/juan/github/yii-social/demos/blog/protected/views/post/index.php(9): CBaseController->widget('zii.widgets.CLi...', Array)
#16 /home/juan/github/yii-social/framework/web/CBaseController.php(126): require('/home/juan/gith...')
#17 /home/juan/github/yii-social/framework/web/CBaseController.php(95): CBaseController->renderInternal('/home/juan/gith...', Array, true)
#18 /home/juan/github/yii-social/framework/web/CController.php(869): CBaseController->renderFile('/home/juan/gith...', Array, true)
#19 /home/juan/github/yii-social/framework/web/CController.php(782): CController->renderPartial('index', Array, true)
#20 /home/juan/github/yii-social/demos/blog/protected/controllers/PostController.php(136): CController->render('index', Array)
#21 /home/juan/github/yii-social/framework/web/actions/CInlineAction.php(49): PostController->actionIndex()
#22 /home/juan/github/yii-social/framework/web/CController.php(308): CInlineAction->runWithParams(Array)
#23 /home/juan/github/yii-social/framework/web/filters/CFilterChain.php(133): CController->runAction(Object(CInlineAction))
#24 /home/juan/github/yii-social/framework/web/filters/CFilter.php(40): CFilterChain->run()
#25 /home/juan/github/yii-social/framework/web/CController.php(1145): CFilter->filter(Object(CFilterChain))
#26 /home/juan/github/yii-social/framework/web/filters/CInlineFilter.php(58): CController->filterAccessControl(Object(CFilterChain))
#27 /home/juan/github/yii-social/framework/web/filters/CFilterChain.php(130): CInlineFilter->filter(Object(CFilterChain))
#28 /home/juan/github/yii-social/framework/web/CController.php(291): CFilterChain->run()
#29 /home/juan/github/yii-social/framework/web/CController.php(265): CController->runActionWithFilters(Object(CInlineAction), Array)
#30 /home/juan/github/yii-social/framework/web/CWebApplication.php(282): CController->run('index')
#31 /home/juan/github/yii-social/framework/web/CWebApplication.php(141): CWebApplication->runController('post/index')
#32 /home/juan/github/yii-social/framework/base/CApplication.php(184): CWebApplication->processRequest()
#33 /home/juan/github/yii-social/demos/blog/index.php(11): CApplication->run()
#34 {main}
REQUEST_URI=/demos/blog/index.php/post/index
HTTP_REFERER=http://yii-social.com/demos/blog/index.php/site/login
---
2015/07/14 22:27:16 [error] [exception.CDbException] could not find driver
2015/07/14 22:27:16 [error] [exception.CDbException] exception 'CDbException' with message 'CDbConnection failed to open the DB connection.' in /home/juan/github/yii-social/framework/db/CDbConnection.php:405
Stack trace:
#0 /home/juan/github/yii-social/framework/db/CDbConnection.php(347): CDbConnection->open()
#1 /home/juan/github/yii-social/framework/db/CDbConnection.php(325): CDbConnection->setActive(true)
#2 /home/juan/github/yii-social/framework/base/CModule.php(394): CDbConnection->init()
#3 /home/juan/github/yii-social/framework/base/CApplication.php(458): CModule->getComponent('db')
#4 /home/juan/github/yii-social/framework/db/ar/CActiveRecord.php(637): CApplication->getDb()
#5 /home/juan/github/yii-social/framework/db/ar/CActiveRecord.php(670): CActiveRecord->getDbConnection()
#6 /home/juan/github/yii-social/framework/db/ar/CActiveRecord.php(1601): CActiveRecord->getCommandBuilder()
#7 /home/juan/github/yii-social/framework/web/CActiveDataProvider.php(228): CActiveRecord->count(Object(CDbCriteria))
#8 /home/juan/github/yii-social/framework/web/CDataProvider.php(224): CActiveDataProvider->calculateTotalItemCount()
#9 /home/juan/github/yii-social/framework/web/CActiveDataProvider.php(178): CDataProvider->getTotalItemCount()
#10 /home/juan/github/yii-social/framework/web/CDataProvider.php(168): CActiveDataProvider->fetchData()
#11 /home/juan/github/yii-social/framework/zii/widgets/CBaseListView.php(125): CDataProvider->getData()
#12 /home/juan/github/yii-social/framework/zii/widgets/CListView.php(211): CBaseListView->init()
#13 /home/juan/github/yii-social/framework/web/CBaseController.php(147): CListView->init()
#14 /home/juan/github/yii-social/framework/web/CBaseController.php(180): CBaseController->createWidget('zii.widgets.CLi...', Array)
#15 /home/juan/github/yii-social/demos/blog/protected/views/post/index.php(9): CBaseController->widget('zii.widgets.CLi...', Array)
#16 /home/juan/github/yii-social/framework/web/CBaseController.php(126): require('/home/juan/gith...')
#17 /home/juan/github/yii-social/framework/web/CBaseController.php(95): CBaseController->renderInternal('/home/juan/gith...', Array, true)
#18 /home/juan/github/yii-social/framework/web/CController.php(869): CBaseController->renderFile('/home/juan/gith...', Array, true)
#19 /home/juan/github/yii-social/framework/web/CController.php(782): CController->renderPartial('index', Array, true)
#20 /home/juan/github/yii-social/demos/blog/protected/controllers/PostController.php(136): CController->render('index', Array)
#21 /home/juan/github/yii-social/framework/web/actions/CInlineAction.php(49): PostController->actionIndex()
#22 /home/juan/github/yii-social/framework/web/CController.php(308): CInlineAction->runWithParams(Array)
#23 /home/juan/github/yii-social/framework/web/filters/CFilterChain.php(133): CController->runAction(Object(CInlineAction))
#24 /home/juan/github/yii-social/framework/web/filters/CFilter.php(40): CFilterChain->run()
#25 /home/juan/github/yii-social/framework/web/CController.php(1145): CFilter->filter(Object(CFilterChain))
#26 /home/juan/github/yii-social/framework/web/filters/CInlineFilter.php(58): CController->filterAccessControl(Object(CFilterChain))
#27 /home/juan/github/yii-social/framework/web/filters/CFilterChain.php(130): CInlineFilter->filter(Object(CFilterChain))
#28 /home/juan/github/yii-social/framework/web/CController.php(291): CFilterChain->run()
#29 /home/juan/github/yii-social/framework/web/CController.php(265): CController->runActionWithFilters(Object(CInlineAction), Array)
#30 /home/juan/github/yii-social/framework/web/CWebApplication.php(282): CController->run('index')
#31 /home/juan/github/yii-social/framework/web/CWebApplication.php(141): CWebApplication->runController('post/index')
#32 /home/juan/github/yii-social/framework/base/CApplication.php(184): CWebApplication->processRequest()
#33 /home/juan/github/yii-social/demos/blog/index.php(11): CApplication->run()
#34 {main}
REQUEST_URI=/demos/blog/index.php/post/index
HTTP_REFERER=http://yii-social.com/demos/blog/index.php/site/login
---
2015/07/14 22:27:21 [error] [exception.CDbException] could not find driver
2015/07/14 22:27:21 [error] [exception.CDbException] exception 'CDbException' with message 'CDbConnection failed to open the DB connection.' in /home/juan/github/yii-social/framework/db/CDbConnection.php:405
Stack trace:
#0 /home/juan/github/yii-social/framework/db/CDbConnection.php(347): CDbConnection->open()
#1 /home/juan/github/yii-social/framework/db/CDbConnection.php(325): CDbConnection->setActive(true)
#2 /home/juan/github/yii-social/framework/base/CModule.php(394): CDbConnection->init()
#3 /home/juan/github/yii-social/framework/base/CApplication.php(458): CModule->getComponent('db')
#4 /home/juan/github/yii-social/framework/db/ar/CActiveRecord.php(637): CApplication->getDb()
#5 /home/juan/github/yii-social/framework/db/ar/CActiveRecord.php(670): CActiveRecord->getDbConnection()
#6 /home/juan/github/yii-social/framework/db/ar/CActiveRecord.php(1601): CActiveRecord->getCommandBuilder()
#7 /home/juan/github/yii-social/framework/web/CActiveDataProvider.php(228): CActiveRecord->count(Object(CDbCriteria))
#8 /home/juan/github/yii-social/framework/web/CDataProvider.php(224): CActiveDataProvider->calculateTotalItemCount()
#9 /home/juan/github/yii-social/framework/web/CActiveDataProvider.php(178): CDataProvider->getTotalItemCount()
#10 /home/juan/github/yii-social/framework/web/CDataProvider.php(168): CActiveDataProvider->fetchData()
#11 /home/juan/github/yii-social/framework/zii/widgets/CBaseListView.php(125): CDataProvider->getData()
#12 /home/juan/github/yii-social/framework/zii/widgets/CListView.php(211): CBaseListView->init()
#13 /home/juan/github/yii-social/framework/web/CBaseController.php(147): CListView->init()
#14 /home/juan/github/yii-social/framework/web/CBaseController.php(180): CBaseController->createWidget('zii.widgets.CLi...', Array)
#15 /home/juan/github/yii-social/demos/blog/protected/views/post/index.php(9): CBaseController->widget('zii.widgets.CLi...', Array)
#16 /home/juan/github/yii-social/framework/web/CBaseController.php(126): require('/home/juan/gith...')
#17 /home/juan/github/yii-social/framework/web/CBaseController.php(95): CBaseController->renderInternal('/home/juan/gith...', Array, true)
#18 /home/juan/github/yii-social/framework/web/CController.php(869): CBaseController->renderFile('/home/juan/gith...', Array, true)
#19 /home/juan/github/yii-social/framework/web/CController.php(782): CController->renderPartial('index', Array, true)
#20 /home/juan/github/yii-social/demos/blog/protected/controllers/PostController.php(136): CController->render('index', Array)
#21 /home/juan/github/yii-social/framework/web/actions/CInlineAction.php(49): PostController->actionIndex()
#22 /home/juan/github/yii-social/framework/web/CController.php(308): CInlineAction->runWithParams(Array)
#23 /home/juan/github/yii-social/framework/web/filters/CFilterChain.php(133): CController->runAction(Object(CInlineAction))
#24 /home/juan/github/yii-social/framework/web/filters/CFilter.php(40): CFilterChain->run()
#25 /home/juan/github/yii-social/framework/web/CController.php(1145): CFilter->filter(Object(CFilterChain))
#26 /home/juan/github/yii-social/framework/web/filters/CInlineFilter.php(58): CController->filterAccessControl(Object(CFilterChain))
#27 /home/juan/github/yii-social/framework/web/filters/CFilterChain.php(130): CInlineFilter->filter(Object(CFilterChain))
#28 /home/juan/github/yii-social/framework/web/CController.php(291): CFilterChain->run()
#29 /home/juan/github/yii-social/framework/web/CController.php(265): CController->runActionWithFilters(Object(CInlineAction), Array)
#30 /home/juan/github/yii-social/framework/web/CWebApplication.php(282): CController->run('')
#31 /home/juan/github/yii-social/framework/web/CWebApplication.php(141): CWebApplication->runController('')
#32 /home/juan/github/yii-social/framework/base/CApplication.php(184): CWebApplication->processRequest()
#33 /home/juan/github/yii-social/demos/blog/index.php(11): CApplication->run()
#34 {main}
REQUEST_URI=/demos/blog/
---
2015/07/14 22:34:13 [error] [exception.CDbException] could not find driver
2015/07/14 22:34:13 [error] [exception.CDbException] exception 'CDbException' with message 'CDbConnection failed to open the DB connection.' in /home/juan/github/yii-social/framework/db/CDbConnection.php:405
Stack trace:
#0 /home/juan/github/yii-social/framework/db/CDbConnection.php(347): CDbConnection->open()
#1 /home/juan/github/yii-social/framework/db/CDbConnection.php(325): CDbConnection->setActive(true)
#2 /home/juan/github/yii-social/framework/base/CModule.php(394): CDbConnection->init()
#3 /home/juan/github/yii-social/framework/base/CApplication.php(458): CModule->getComponent('db')
#4 /home/juan/github/yii-social/framework/db/ar/CActiveRecord.php(637): CApplication->getDb()
#5 /home/juan/github/yii-social/framework/db/ar/CActiveRecord.php(670): CActiveRecord->getDbConnection()
#6 /home/juan/github/yii-social/framework/db/ar/CActiveRecord.php(1601): CActiveRecord->getCommandBuilder()
#7 /home/juan/github/yii-social/framework/web/CActiveDataProvider.php(228): CActiveRecord->count(Object(CDbCriteria))
#8 /home/juan/github/yii-social/framework/web/CDataProvider.php(224): CActiveDataProvider->calculateTotalItemCount()
#9 /home/juan/github/yii-social/framework/web/CActiveDataProvider.php(178): CDataProvider->getTotalItemCount()
#10 /home/juan/github/yii-social/framework/web/CDataProvider.php(168): CActiveDataProvider->fetchData()
#11 /home/juan/github/yii-social/framework/zii/widgets/CBaseListView.php(125): CDataProvider->getData()
#12 /home/juan/github/yii-social/framework/zii/widgets/CListView.php(211): CBaseListView->init()
#13 /home/juan/github/yii-social/framework/web/CBaseController.php(147): CListView->init()
#14 /home/juan/github/yii-social/framework/web/CBaseController.php(180): CBaseController->createWidget('zii.widgets.CLi...', Array)
#15 /home/juan/github/yii-social/demos/blog/protected/views/post/index.php(9): CBaseController->widget('zii.widgets.CLi...', Array)
#16 /home/juan/github/yii-social/framework/web/CBaseController.php(126): require('/home/juan/gith...')
#17 /home/juan/github/yii-social/framework/web/CBaseController.php(95): CBaseController->renderInternal('/home/juan/gith...', Array, true)
#18 /home/juan/github/yii-social/framework/web/CController.php(869): CBaseController->renderFile('/home/juan/gith...', Array, true)
#19 /home/juan/github/yii-social/framework/web/CController.php(782): CController->renderPartial('index', Array, true)
#20 /home/juan/github/yii-social/demos/blog/protected/controllers/PostController.php(136): CController->render('index', Array)
#21 /home/juan/github/yii-social/framework/web/actions/CInlineAction.php(49): PostController->actionIndex()
#22 /home/juan/github/yii-social/framework/web/CController.php(308): CInlineAction->runWithParams(Array)
#23 /home/juan/github/yii-social/framework/web/filters/CFilterChain.php(133): CController->runAction(Object(CInlineAction))
#24 /home/juan/github/yii-social/framework/web/filters/CFilter.php(40): CFilterChain->run()
#25 /home/juan/github/yii-social/framework/web/CController.php(1145): CFilter->filter(Object(CFilterChain))
#26 /home/juan/github/yii-social/framework/web/filters/CInlineFilter.php(58): CController->filterAccessControl(Object(CFilterChain))
#27 /home/juan/github/yii-social/framework/web/filters/CFilterChain.php(130): CInlineFilter->filter(Object(CFilterChain))
#28 /home/juan/github/yii-social/framework/web/CController.php(291): CFilterChain->run()
#29 /home/juan/github/yii-social/framework/web/CController.php(265): CController->runActionWithFilters(Object(CInlineAction), Array)
#30 /home/juan/github/yii-social/framework/web/CWebApplication.php(282): CController->run('')
#31 /home/juan/github/yii-social/framework/web/CWebApplication.php(141): CWebApplication->runController('')
#32 /home/juan/github/yii-social/framework/base/CApplication.php(184): CWebApplication->processRequest()
#33 /home/juan/github/yii-social/demos/blog/index.php(11): CApplication->run()
#34 {main}
REQUEST_URI=/demos/blog/
HTTP_REFERER=http://yii-social.com/demos/
---
2015/07/14 22:48:02 [error] [exception.CDbException] could not find driver
2015/07/14 22:48:02 [error] [exception.CDbException] exception 'CDbException' with message 'CDbConnection failed to open the DB connection.' in /home/juan/github/yii-social/framework/db/CDbConnection.php:405
Stack trace:
#0 /home/juan/github/yii-social/framework/db/CDbConnection.php(347): CDbConnection->open()
#1 /home/juan/github/yii-social/framework/db/CDbConnection.php(325): CDbConnection->setActive(true)
#2 /home/juan/github/yii-social/framework/base/CModule.php(394): CDbConnection->init()
#3 /home/juan/github/yii-social/framework/base/CApplication.php(458): CModule->getComponent('db')
#4 /home/juan/github/yii-social/framework/db/ar/CActiveRecord.php(637): CApplication->getDb()
#5 /home/juan/github/yii-social/framework/db/ar/CActiveRecord.php(670): CActiveRecord->getDbConnection()
#6 /home/juan/github/yii-social/framework/db/ar/CActiveRecord.php(1601): CActiveRecord->getCommandBuilder()
#7 /home/juan/github/yii-social/framework/web/CActiveDataProvider.php(228): CActiveRecord->count(Object(CDbCriteria))
#8 /home/juan/github/yii-social/framework/web/CDataProvider.php(224): CActiveDataProvider->calculateTotalItemCount()
#9 /home/juan/github/yii-social/framework/web/CActiveDataProvider.php(178): CDataProvider->getTotalItemCount()
#10 /home/juan/github/yii-social/framework/web/CDataProvider.php(168): CActiveDataProvider->fetchData()
#11 /home/juan/github/yii-social/framework/zii/widgets/CBaseListView.php(125): CDataProvider->getData()
#12 /home/juan/github/yii-social/framework/zii/widgets/CListView.php(211): CBaseListView->init()
#13 /home/juan/github/yii-social/framework/web/CBaseController.php(147): CListView->init()
#14 /home/juan/github/yii-social/framework/web/CBaseController.php(180): CBaseController->createWidget('zii.widgets.CLi...', Array)
#15 /home/juan/github/yii-social/app/protected/views/post/index.php(9): CBaseController->widget('zii.widgets.CLi...', Array)
#16 /home/juan/github/yii-social/framework/web/CBaseController.php(126): require('/home/juan/gith...')
#17 /home/juan/github/yii-social/framework/web/CBaseController.php(95): CBaseController->renderInternal('/home/juan/gith...', Array, true)
#18 /home/juan/github/yii-social/framework/web/CController.php(869): CBaseController->renderFile('/home/juan/gith...', Array, true)
#19 /home/juan/github/yii-social/framework/web/CController.php(782): CController->renderPartial('index', Array, true)
#20 /home/juan/github/yii-social/app/protected/controllers/PostController.php(136): CController->render('index', Array)
#21 /home/juan/github/yii-social/framework/web/actions/CInlineAction.php(49): PostController->actionIndex()
#22 /home/juan/github/yii-social/framework/web/CController.php(308): CInlineAction->runWithParams(Array)
#23 /home/juan/github/yii-social/framework/web/filters/CFilterChain.php(133): CController->runAction(Object(CInlineAction))
#24 /home/juan/github/yii-social/framework/web/filters/CFilter.php(40): CFilterChain->run()
#25 /home/juan/github/yii-social/framework/web/CController.php(1145): CFilter->filter(Object(CFilterChain))
#26 /home/juan/github/yii-social/framework/web/filters/CInlineFilter.php(58): CController->filterAccessControl(Object(CFilterChain))
#27 /home/juan/github/yii-social/framework/web/filters/CFilterChain.php(130): CInlineFilter->filter(Object(CFilterChain))
#28 /home/juan/github/yii-social/framework/web/CController.php(291): CFilterChain->run()
#29 /home/juan/github/yii-social/framework/web/CController.php(265): CController->runActionWithFilters(Object(CInlineAction), Array)
#30 /home/juan/github/yii-social/framework/web/CWebApplication.php(282): CController->run('')
#31 /home/juan/github/yii-social/framework/web/CWebApplication.php(141): CWebApplication->runController('')
#32 /home/juan/github/yii-social/framework/base/CApplication.php(184): CWebApplication->processRequest()
#33 /home/juan/github/yii-social/app/index.php(11): CApplication->run()
#34 {main}
REQUEST_URI=/app/
HTTP_REFERER=http://yii-social.com/
---
2015/07/14 22:48:59 [error] [exception.CDbException] could not find driver
2015/07/14 22:48:59 [error] [exception.CDbException] exception 'CDbException' with message 'CDbConnection failed to open the DB connection.' in /home/juan/github/yii-social/framework/db/CDbConnection.php:405
Stack trace:
#0 /home/juan/github/yii-social/framework/db/CDbConnection.php(347): CDbConnection->open()
#1 /home/juan/github/yii-social/framework/db/CDbConnection.php(325): CDbConnection->setActive(true)
#2 /home/juan/github/yii-social/framework/base/CModule.php(394): CDbConnection->init()
#3 /home/juan/github/yii-social/framework/base/CApplication.php(458): CModule->getComponent('db')
#4 /home/juan/github/yii-social/framework/db/ar/CActiveRecord.php(637): CApplication->getDb()
#5 /home/juan/github/yii-social/framework/db/ar/CActiveRecord.php(670): CActiveRecord->getDbConnection()
#6 /home/juan/github/yii-social/framework/db/ar/CActiveRecord.php(1601): CActiveRecord->getCommandBuilder()
#7 /home/juan/github/yii-social/framework/web/CActiveDataProvider.php(228): CActiveRecord->count(Object(CDbCriteria))
#8 /home/juan/github/yii-social/framework/web/CDataProvider.php(224): CActiveDataProvider->calculateTotalItemCount()
#9 /home/juan/github/yii-social/framework/web/CActiveDataProvider.php(178): CDataProvider->getTotalItemCount()
#10 /home/juan/github/yii-social/framework/web/CDataProvider.php(168): CActiveDataProvider->fetchData()
#11 /home/juan/github/yii-social/framework/zii/widgets/CBaseListView.php(125): CDataProvider->getData()
#12 /home/juan/github/yii-social/framework/zii/widgets/CListView.php(211): CBaseListView->init()
#13 /home/juan/github/yii-social/framework/web/CBaseController.php(147): CListView->init()
#14 /home/juan/github/yii-social/framework/web/CBaseController.php(180): CBaseController->createWidget('zii.widgets.CLi...', Array)
#15 /home/juan/github/yii-social/app/protected/views/post/index.php(9): CBaseController->widget('zii.widgets.CLi...', Array)
#16 /home/juan/github/yii-social/framework/web/CBaseController.php(126): require('/home/juan/gith...')
#17 /home/juan/github/yii-social/framework/web/CBaseController.php(95): CBaseController->renderInternal('/home/juan/gith...', Array, true)
#18 /home/juan/github/yii-social/framework/web/CController.php(869): CBaseController->renderFile('/home/juan/gith...', Array, true)
#19 /home/juan/github/yii-social/framework/web/CController.php(782): CController->renderPartial('index', Array, true)
#20 /home/juan/github/yii-social/app/protected/controllers/PostController.php(136): CController->render('index', Array)
#21 /home/juan/github/yii-social/framework/web/actions/CInlineAction.php(49): PostController->actionIndex()
#22 /home/juan/github/yii-social/framework/web/CController.php(308): CInlineAction->runWithParams(Array)
#23 /home/juan/github/yii-social/framework/web/filters/CFilterChain.php(133): CController->runAction(Object(CInlineAction))
#24 /home/juan/github/yii-social/framework/web/filters/CFilter.php(40): CFilterChain->run()
#25 /home/juan/github/yii-social/framework/web/CController.php(1145): CFilter->filter(Object(CFilterChain))
#26 /home/juan/github/yii-social/framework/web/filters/CInlineFilter.php(58): CController->filterAccessControl(Object(CFilterChain))
#27 /home/juan/github/yii-social/framework/web/filters/CFilterChain.php(130): CInlineFilter->filter(Object(CFilterChain))
#28 /home/juan/github/yii-social/framework/web/CController.php(291): CFilterChain->run()
#29 /home/juan/github/yii-social/framework/web/CController.php(265): CController->runActionWithFilters(Object(CInlineAction), Array)
#30 /home/juan/github/yii-social/framework/web/CWebApplication.php(282): CController->run('')
#31 /home/juan/github/yii-social/framework/web/CWebApplication.php(141): CWebApplication->runController('')
#32 /home/juan/github/yii-social/framework/base/CApplication.php(184): CWebApplication->processRequest()
#33 /home/juan/github/yii-social/app/index.php(11): CApplication->run()
#34 {main}
REQUEST_URI=/
---
2015/07/14 22:49:00 [error] [exception.CDbException] could not find driver
2015/07/14 22:49:00 [error] [exception.CDbException] exception 'CDbException' with message 'CDbConnection failed to open the DB connection.' in /home/juan/github/yii-social/framework/db/CDbConnection.php:405
Stack trace:
#0 /home/juan/github/yii-social/framework/db/CDbConnection.php(347): CDbConnection->open()
#1 /home/juan/github/yii-social/framework/db/CDbConnection.php(325): CDbConnection->setActive(true)
#2 /home/juan/github/yii-social/framework/base/CModule.php(394): CDbConnection->init()
#3 /home/juan/github/yii-social/framework/base/CApplication.php(458): CModule->getComponent('db')
#4 /home/juan/github/yii-social/framework/db/ar/CActiveRecord.php(637): CApplication->getDb()
#5 /home/juan/github/yii-social/framework/db/ar/CActiveRecord.php(670): CActiveRecord->getDbConnection()
#6 /home/juan/github/yii-social/framework/db/ar/CActiveRecord.php(1601): CActiveRecord->getCommandBuilder()
#7 /home/juan/github/yii-social/framework/web/CActiveDataProvider.php(228): CActiveRecord->count(Object(CDbCriteria))
#8 /home/juan/github/yii-social/framework/web/CDataProvider.php(224): CActiveDataProvider->calculateTotalItemCount()
#9 /home/juan/github/yii-social/framework/web/CActiveDataProvider.php(178): CDataProvider->getTotalItemCount()
#10 /home/juan/github/yii-social/framework/web/CDataProvider.php(168): CActiveDataProvider->fetchData()
#11 /home/juan/github/yii-social/framework/zii/widgets/CBaseListView.php(125): CDataProvider->getData()
#12 /home/juan/github/yii-social/framework/zii/widgets/CListView.php(211): CBaseListView->init()
#13 /home/juan/github/yii-social/framework/web/CBaseController.php(147): CListView->init()
#14 /home/juan/github/yii-social/framework/web/CBaseController.php(180): CBaseController->createWidget('zii.widgets.CLi...', Array)
#15 /home/juan/github/yii-social/app/protected/views/post/index.php(9): CBaseController->widget('zii.widgets.CLi...', Array)
#16 /home/juan/github/yii-social/framework/web/CBaseController.php(126): require('/home/juan/gith...')
#17 /home/juan/github/yii-social/framework/web/CBaseController.php(95): CBaseController->renderInternal('/home/juan/gith...', Array, true)
#18 /home/juan/github/yii-social/framework/web/CController.php(869): CBaseController->renderFile('/home/juan/gith...', Array, true)
#19 /home/juan/github/yii-social/framework/web/CController.php(782): CController->renderPartial('index', Array, true)
#20 /home/juan/github/yii-social/app/protected/controllers/PostController.php(136): CController->render('index', Array)
#21 /home/juan/github/yii-social/framework/web/actions/CInlineAction.php(49): PostController->actionIndex()
#22 /home/juan/github/yii-social/framework/web/CController.php(308): CInlineAction->runWithParams(Array)
#23 /home/juan/github/yii-social/framework/web/filters/CFilterChain.php(133): CController->runAction(Object(CInlineAction))
#24 /home/juan/github/yii-social/framework/web/filters/CFilter.php(40): CFilterChain->run()
#25 /home/juan/github/yii-social/framework/web/CController.php(1145): CFilter->filter(Object(CFilterChain))
#26 /home/juan/github/yii-social/framework/web/filters/CInlineFilter.php(58): CController->filterAccessControl(Object(CFilterChain))
#27 /home/juan/github/yii-social/framework/web/filters/CFilterChain.php(130): CInlineFilter->filter(Object(CFilterChain))
#28 /home/juan/github/yii-social/framework/web/CController.php(291): CFilterChain->run()
#29 /home/juan/github/yii-social/framework/web/CController.php(265): CController->runActionWithFilters(Object(CInlineAction), Array)
#30 /home/juan/github/yii-social/framework/web/CWebApplication.php(282): CController->run('')
#31 /home/juan/github/yii-social/framework/web/CWebApplication.php(141): CWebApplication->runController('')
#32 /home/juan/github/yii-social/framework/base/CApplication.php(184): CWebApplication->processRequest()
#33 /home/juan/github/yii-social/app/index.php(11): CApplication->run()
#34 {main}
REQUEST_URI=/
---
